<?xml version="1.0" encoding="UTF-8"?>
<!-- Generated by org.testng.reporters.JUnitReportReporter -->
<testsuite hostname="EPBYMINW0932" name="com.epam.Tests.Tests" tests="2" failures="0" timestamp="29 Nov 2016 12:14:50 GMT" time="7.544" errors="0">
  <testcase name="openYourRepository" time="2.236" classname="com.epam.Tests.Tests"/>
  <testcase name="loginGitHub" time="5.308" classname="com.epam.Tests.Tests"/>
</testsuite> <!-- com.epam.Tests.Tests -->
